[INFO] Scanning for projects...
[INFO] 
[INFO] ---------------------< com.example:number-summer >----------------------
[INFO] Building number-summer 1.0-SNAPSHOT
[INFO] --------------------------------[ jar ]---------------------------------
[INFO] 
[INFO] --- maven-clean-plugin:2.5:clean (default-clean) @ number-summer ---
[INFO] 
[INFO] --- jacoco-maven-plugin:0.8.13:prepare-agent (default) @ number-summer ---
[INFO] argLine set to -javaagent:C:\\Users\\gerardo.barnett\\.m2\\repository\\org\\jacoco\\org.jacoco.agent\\0.8.13\\org.jacoco.agent-0.8.13-runtime.jar=destfile=C:\\Users\\GERARD~1.BAR\\AppData\\Local\\Temp\\originalCopy_c4addaeb-0c39-48c5-9544-04454ed24aa8_95461070-0cec-4140-ade9-625a8be336ba\\sources\\target\\jacoco.exec
[INFO] 
[INFO] --- maven-resources-plugin:2.6:resources (default-resources) @ number-summer ---
[INFO] Using 'UTF-8' encoding to copy filtered resources.
[INFO] skip non existing resourceDirectory C:\Users\GERARD~1.BAR\AppData\Local\Temp\originalCopy_c4addaeb-0c39-48c5-9544-04454ed24aa8_95461070-0cec-4140-ade9-625a8be336ba\sources\src\main\resources
[INFO] 
[INFO] --- maven-compiler-plugin:3.14.0:compile (default-compile) @ number-summer ---
[INFO] Recompiling the module because of changed source code.
[INFO] Compiling 2 source files with javac [debug release 17] to target\classes
[INFO] 
[INFO] --- maven-resources-plugin:2.6:testResources (default-testResources) @ number-summer ---
[INFO] Using 'UTF-8' encoding to copy filtered resources.
[INFO] skip non existing resourceDirectory C:\Users\GERARD~1.BAR\AppData\Local\Temp\originalCopy_c4addaeb-0c39-48c5-9544-04454ed24aa8_95461070-0cec-4140-ade9-625a8be336ba\sources\src\test\resources
[INFO] 
[INFO] --- maven-compiler-plugin:3.14.0:testCompile (default-testCompile) @ number-summer ---
[INFO] Recompiling the module because of changed dependency.
[INFO] Compiling 1 source file with javac [debug release 17] to target\test-classes
[INFO] ------------------------------------------------------------------------
[INFO] BUILD SUCCESS
[INFO] ------------------------------------------------------------------------
[INFO] Total time:  1.662 s
[INFO] Finished at: 2025-07-08T13:05:42-07:00
[INFO] ------------------------------------------------------------------------
